<?xml version="1.0" encoding="UTF-8"?>
<testsuite xmlns:xsi="http://www.w3.org/2001/XMLSchema-instance" xsi:schemaLocation="https://maven.apache.org/surefire/maven-surefire-plugin/xsd/surefire-test-report.xsd" name="com.ctrip.framework.apollo.configservice.AllTests" time="19.611" tests="95" errors="0" skipped="0" failures="0">
  <properties>
    <property name="java.runtime.name" value="Java(TM) SE Runtime Environment"/>
    <property name="sun.boot.library.path" value="D:\Program Files\Java\jdk_1.8.0\jre\bin"/>
    <property name="java.vm.version" value="25.131-b11"/>
    <property name="java.vm.vendor" value="Oracle Corporation"/>
    <property name="maven.multiModuleProjectDirectory" value="D:\PROJECT\RedisDemo\apollo-master"/>
    <property name="java.vendor.url" value="http://java.oracle.com/"/>
    <property name="path.separator" value=";"/>
    <property name="guice.disable.misplaced.annotation.check" value="true"/>
    <property name="java.vm.name" value="Java HotSpot(TM) 64-Bit Server VM"/>
    <property name="file.encoding.pkg" value="sun.io"/>
    <property name="user.script" value=""/>
    <property name="user.country" value="CN"/>
    <property name="sun.java.launcher" value="SUN_STANDARD"/>
    <property name="sun.os.patch.level" value=""/>
    <property name="java.vm.specification.name" value="Java Virtual Machine Specification"/>
    <property name="user.dir" value="D:\PROJECT\RedisDemo\apollo-master"/>
    <property name="java.runtime.version" value="1.8.0_131-b11"/>
    <property name="java.awt.graphicsenv" value="sun.awt.Win32GraphicsEnvironment"/>
    <property name="java.endorsed.dirs" value="D:\Program Files\Java\jdk_1.8.0\jre\lib\endorsed"/>
    <property name="os.arch" value="amd64"/>
    <property name="java.io.tmpdir" value="C:\Users\LONGFE~1\AppData\Local\Temp\"/>
    <property name="line.separator" value="&#10;"/>
    <property name="java.vm.specification.vendor" value="Oracle Corporation"/>
    <property name="user.variant" value=""/>
    <property name="os.name" value="Windows 10"/>
    <property name="classworlds.conf" value="D:\PROJECT\RedisDemo\.metadata\.plugins\org.eclipse.m2e.launching\launches\m2conf8442283647163262114.tmp"/>
    <property name="sun.jnu.encoding" value="GBK"/>
    <property name="java.library.path" value="D:\Program Files\Java\jdk_1.8.0\bin;C:\Windows\Sun\Java\bin;C:\Windows\system32;C:\Windows;D:\Program Files\Java\jdk_1.8.0\jre\bin;D:/Program Files/Java/jre_1.8.0/bin/server;D:/Program Files/Java/jre_1.8.0/bin;D:/Program Files/Java/jre_1.8.0/lib/amd64;C:\Program Files\Docker\Docker\Resources\bin;D:\Program Files\Software\maven\apache-maven-3.5.0\bin;C:\ProgramData\Oracle\Java\javapath;C:\Windows\system32;C:\Windows;C:\Windows\System32\Wbem;C:\Windows\System32\WindowsPowerShell\v1.0\;D:\Program Files\Software\NodeJs\;D:\Program Files\Java\jdk_1.8.0\bin;%JRE_HOME%\jre\bin;C:\Program Files\Git\cmd;C:\Users\longfeixie\AppData\Local\Microsoft\WindowsApps;C:\Users\longfeixie\AppData\Roaming\npm;C:\Users\longfeixie\Desktop;;."/>
    <property name="java.specification.name" value="Java Platform API Specification"/>
    <property name="java.class.version" value="52.0"/>
    <property name="org.slf4j.simpleLogger.levelInBrackets" value="true"/>
    <property name="sun.management.compiler" value="HotSpot 64-Bit Tiered Compilers"/>
    <property name="os.version" value="10.0"/>
    <property name="user.home" value="C:\Users\longfeixie"/>
    <property name="user.timezone" value="Asia/Shanghai"/>
    <property name="java.awt.printerjob" value="sun.awt.windows.WPrinterJob"/>
    <property name="java.specification.version" value="1.8"/>
    <property name="file.encoding" value="UTF-8"/>
    <property name="user.name" value="LongfeiXie"/>
    <property name="java.class.path" value="/C:/Users/longfeixie/.p2/pool/plugins/org.eclipse.m2e.maven.runtime_1.7.0.20160603-1931/jars/plexus-classworlds-2.5.2.jar"/>
    <property name="java.vm.specification.version" value="1.8"/>
    <property name="sun.arch.data.model" value="64"/>
    <property name="java.home" value="D:\Program Files\Java\jdk_1.8.0\jre"/>
    <property name="sun.java.command" value="org.codehaus.plexus.classworlds.launcher.Launcher -B -s D:\Program Files\Software\maven\apache-maven-3.5.0\conf\settings.xml install"/>
    <property name="java.specification.vendor" value="Oracle Corporation"/>
    <property name="user.language" value="zh"/>
    <property name="awt.toolkit" value="sun.awt.windows.WToolkit"/>
    <property name="java.vm.info" value="mixed mode"/>
    <property name="java.version" value="1.8.0_131"/>
    <property name="java.ext.dirs" value="D:\Program Files\Java\jdk_1.8.0\jre\lib\ext;C:\Windows\Sun\Java\lib\ext"/>
    <property name="sun.boot.class.path" value="D:\Program Files\Java\jdk_1.8.0\jre\lib\resources.jar;D:\Program Files\Java\jdk_1.8.0\jre\lib\rt.jar;D:\Program Files\Java\jdk_1.8.0\jre\lib\sunrsasign.jar;D:\Program Files\Java\jdk_1.8.0\jre\lib\jsse.jar;D:\Program Files\Java\jdk_1.8.0\jre\lib\jce.jar;D:\Program Files\Java\jdk_1.8.0\jre\lib\charsets.jar;D:\Program Files\Java\jdk_1.8.0\jre\lib\jfr.jar;D:\Program Files\Java\jdk_1.8.0\jre\classes"/>
    <property name="java.vendor" value="Oracle Corporation"/>
    <property name="maven.home" value="D:\PROJECT\RedisDemo\apollo-master\EMBEDDED"/>
    <property name="file.separator" value="\"/>
    <property name="java.vendor.url.bug" value="http://bugreport.sun.com/bugreport/"/>
    <property name="sun.cpu.endian" value="little"/>
    <property name="sun.io.unicode.encoding" value="UnicodeLittle"/>
    <property name="sun.desktop" value="windows"/>
    <property name="org.slf4j.simpleLogger.showThreadName" value="false"/>
    <property name="sun.cpu.isalist" value="amd64"/>
  </properties>
  <testcase name="testQueryConfigFileWithPrivateNamespace" classname="com.ctrip.framework.apollo.configservice.controller.ConfigControllerTest" time="0.11"/>
  <testcase name="testMergeConfigurations" classname="com.ctrip.framework.apollo.configservice.controller.ConfigControllerTest" time="0.013"/>
  <testcase name="testQueryConfigWithApolloConfigNotModified" classname="com.ctrip.framework.apollo.configservice.controller.ConfigControllerTest" time="0.006"/>
  <testcase name="testQueryConfigWithPublicNamespaceAndAppOverride" classname="com.ctrip.framework.apollo.configservice.controller.ConfigControllerTest" time="0.002"/>
  <testcase name="testTransformConfigurationToMapFailed" classname="com.ctrip.framework.apollo.configservice.controller.ConfigControllerTest" time="0.001"/>
  <testcase name="testQueryConfigFileWithPublicNamespaceAndNoAppOverride" classname="com.ctrip.framework.apollo.configservice.controller.ConfigControllerTest" time="0.002"/>
  <testcase name="testQueryConfigWithDefaultClusterWithDataCenterRelease" classname="com.ctrip.framework.apollo.configservice.controller.ConfigControllerTest" time="0.001"/>
  <testcase name="testQueryConfigWithDefaultClusterWithNoDataCenterRelease" classname="com.ctrip.framework.apollo.configservice.controller.ConfigControllerTest" time="0"/>
  <testcase name="testQueryConfigWithPublicNamespaceAndNoAppOverrideAndNoDataCenter" classname="com.ctrip.framework.apollo.configservice.controller.ConfigControllerTest" time="0.001"/>
  <testcase name="testQueryConfigForNoAppIdPlaceHolderWithPublicNamespace" classname="com.ctrip.framework.apollo.configservice.controller.ConfigControllerTest" time="0.002"/>
  <testcase name="testQueryConfigWithAppOwnNamespace" classname="com.ctrip.framework.apollo.configservice.controller.ConfigControllerTest" time="0.001"/>
  <testcase name="testQueryConfigWithPubicNamespaceAndNoAppOverride" classname="com.ctrip.framework.apollo.configservice.controller.ConfigControllerTest" time="0.002"/>
  <testcase name="testQueryConfigFile" classname="com.ctrip.framework.apollo.configservice.controller.ConfigControllerTest" time="0.001"/>
  <testcase name="testQueryConfigWithGrayRelease" classname="com.ctrip.framework.apollo.configservice.controller.ConfigControllerTest" time="0.001"/>
  <testcase name="testQueryConfig" classname="com.ctrip.framework.apollo.configservice.controller.ConfigControllerTest" time="0"/>
  <testcase name="testQueryConfigWithReleaseNotFound" classname="com.ctrip.framework.apollo.configservice.controller.ConfigControllerTest" time="0.001"/>
  <testcase name="testQueryConfigForNoAppIdPlaceHolder" classname="com.ctrip.framework.apollo.configservice.controller.ConfigControllerTest" time="0.001"/>
  <testcase name="testPollNotificationWithDefaultNamespace" classname="com.ctrip.framework.apollo.configservice.controller.NotificationControllerTest" time="0.019"/>
  <testcase name="testPollNotificationWithSomeNamespaceAsFile" classname="com.ctrip.framework.apollo.configservice.controller.NotificationControllerTest" time="0.001"/>
  <testcase name="testPollNotificationWithDefaultNamespaceAndHandleMessage" classname="com.ctrip.framework.apollo.configservice.controller.NotificationControllerTest" time="0.003"/>
  <testcase name="testPollNotificationWithDefaultNamespaceWithNotificationIdOutDated" classname="com.ctrip.framework.apollo.configservice.controller.NotificationControllerTest" time="0.002"/>
  <testcase name="testPollNotificationWithDefaultNamespaceAsFile" classname="com.ctrip.framework.apollo.configservice.controller.NotificationControllerTest" time="0.001"/>
  <testcase name="testQueryConfigFileWithDefaultClusterAndDefaultNamespaceOK" classname="com.ctrip.framework.apollo.configservice.integration.ConfigControllerIntegrationTest" time="0.334"/>
  <testcase name="testQueryPublicConfigWithDataCenterNotFoundAndOverride" classname="com.ctrip.framework.apollo.configservice.integration.ConfigControllerIntegrationTest" time="0.056"/>
  <testcase name="testQueryConfigError" classname="com.ctrip.framework.apollo.configservice.integration.ConfigControllerIntegrationTest" time="0.028"/>
  <testcase name="testQueryConfigWithDefaultClusterAndDefaultNamespaceOK" classname="com.ctrip.framework.apollo.configservice.integration.ConfigControllerIntegrationTest" time="0.024"/>
  <testcase name="testQueryConfigNotModified" classname="com.ctrip.framework.apollo.configservice.integration.ConfigControllerIntegrationTest" time="0.022"/>
  <testcase name="testQueryPublicConfigWithDataCenterNotFoundAndNoOverride" classname="com.ctrip.framework.apollo.configservice.integration.ConfigControllerIntegrationTest" time="0.026"/>
  <testcase name="testQueryPrivateConfigFileWithPublicNamespaceExists" classname="com.ctrip.framework.apollo.configservice.integration.ConfigControllerIntegrationTest" time="0.02"/>
  <testcase name="testQueryGrayConfigWithDefaultClusterAndDefaultNamespaceOK" classname="com.ctrip.framework.apollo.configservice.integration.ConfigControllerIntegrationTest" time="0.531"/>
  <testcase name="testQueryPublicConfigForNoAppIdPlaceHolder" classname="com.ctrip.framework.apollo.configservice.integration.ConfigControllerIntegrationTest" time="0.022"/>
  <testcase name="testQueryPublicConfigWithDataCenterFoundAndNoOverride" classname="com.ctrip.framework.apollo.configservice.integration.ConfigControllerIntegrationTest" time="0.023"/>
  <testcase name="testQueryPublicConfigWithDataCenterFoundAndOverride" classname="com.ctrip.framework.apollo.configservice.integration.ConfigControllerIntegrationTest" time="0.026"/>
  <testcase name="testQueryConfigWithNamespaceOK" classname="com.ctrip.framework.apollo.configservice.integration.ConfigControllerIntegrationTest" time="0.02"/>
  <testcase name="testQueryConfigFileWithNamespaceOK" classname="com.ctrip.framework.apollo.configservice.integration.ConfigControllerIntegrationTest" time="0.016"/>
  <testcase name="testQueryPublicGrayConfigWithOverride" classname="com.ctrip.framework.apollo.configservice.integration.ConfigControllerIntegrationTest" time="0.523"/>
  <testcase name="testQueryPublicGrayConfigWithNoOverride" classname="com.ctrip.framework.apollo.configservice.integration.ConfigControllerIntegrationTest" time="0.522"/>
  <testcase name="testQueryConfigForNoAppIdPlaceHolderWithPrivateNamespace" classname="com.ctrip.framework.apollo.configservice.integration.ConfigControllerIntegrationTest" time="0.009"/>
  <testcase name="testPollNotificationWthPublicNamespaceAsFile" classname="com.ctrip.framework.apollo.configservice.integration.NotificationControllerIntegrationTest" time="0.225"/>
  <testcase name="testPollNotificationWthPublicNamespaceAndDataCenter" classname="com.ctrip.framework.apollo.configservice.integration.NotificationControllerIntegrationTest" time="0.195"/>
  <testcase name="testPollNotificationWthPublicNamespaceAndNoDataCenter" classname="com.ctrip.framework.apollo.configservice.integration.NotificationControllerIntegrationTest" time="0.196"/>
  <testcase name="testPollNotificationWithPrivateNamespaceAsFile" classname="com.ctrip.framework.apollo.configservice.integration.NotificationControllerIntegrationTest" time="0.195"/>
  <testcase name="testPollNotificationWithDefaultNamespace" classname="com.ctrip.framework.apollo.configservice.integration.NotificationControllerIntegrationTest" time="0.196"/>
  <testcase name="testPollNotificationWithPublicNamespaceWithNotificationIdOutDated" classname="com.ctrip.framework.apollo.configservice.integration.NotificationControllerIntegrationTest" time="0.015"/>
  <testcase name="testPollNotificationWithDefaultNamespaceWithNotificationIdOutDated" classname="com.ctrip.framework.apollo.configservice.integration.NotificationControllerIntegrationTest" time="0.017"/>
  <testcase name="testPollNotificationWithDefaultNamespaceWithNotificationIdNull" classname="com.ctrip.framework.apollo.configservice.integration.NotificationControllerIntegrationTest" time="0.013"/>
  <testcase name="testPollNotificationWithDefaultNamespaceAsFile" classname="com.ctrip.framework.apollo.configservice.integration.NotificationControllerIntegrationTest" time="0.121"/>
  <testcase name="testFilterNamespaceName" classname="com.ctrip.framework.apollo.configservice.util.NamespaceUtilTest" time="0.001"/>
  <testcase name="testFilterNamespaceNameWithRandomCaseUnchanged" classname="com.ctrip.framework.apollo.configservice.util.NamespaceUtilTest" time="0"/>
  <testcase name="testFilterNamespaceNameWithMultiplePropertiesSuffix" classname="com.ctrip.framework.apollo.configservice.util.NamespaceUtilTest" time="0"/>
  <testcase name="testFilterNamespaceNameWithRandomCase" classname="com.ctrip.framework.apollo.configservice.util.NamespaceUtilTest" time="0"/>
  <testcase name="testFilterNamespaceNameUnchanged" classname="com.ctrip.framework.apollo.configservice.util.NamespaceUtilTest" time="0"/>
  <testcase name="testHandleMessage" classname="com.ctrip.framework.apollo.configservice.controller.ConfigFileControllerTest" time="0.003"/>
  <testcase name="testQueryConfigAsJson" classname="com.ctrip.framework.apollo.configservice.controller.ConfigFileControllerTest" time="0.01"/>
  <testcase name="testQueryConfigAsProperties" classname="com.ctrip.framework.apollo.configservice.controller.ConfigFileControllerTest" time="0.002"/>
  <testcase name="testQueryConfigWithGrayRelease" classname="com.ctrip.framework.apollo.configservice.controller.ConfigFileControllerTest" time="0.002"/>
  <testcase name="testQueryConfigAsPropertiesWithGrayRelease" classname="com.ctrip.framework.apollo.configservice.integration.ConfigFileControllerIntegrationTest" time="0.522"/>
  <testcase name="testQueryConfigAsJson" classname="com.ctrip.framework.apollo.configservice.integration.ConfigFileControllerIntegrationTest" time="0.017"/>
  <testcase name="testQueryPublicConfigAsJson" classname="com.ctrip.framework.apollo.configservice.integration.ConfigFileControllerIntegrationTest" time="0.017"/>
  <testcase name="testQueryPublicConfigAsJsonWithGrayRelease" classname="com.ctrip.framework.apollo.configservice.integration.ConfigFileControllerIntegrationTest" time="0.525"/>
  <testcase name="testQueryPublicConfigAsProperties" classname="com.ctrip.framework.apollo.configservice.integration.ConfigFileControllerIntegrationTest" time="0.015"/>
  <testcase name="testQueryConfigAsProperties" classname="com.ctrip.framework.apollo.configservice.integration.ConfigFileControllerIntegrationTest" time="0.01"/>
  <testcase name="testConfigChanged" classname="com.ctrip.framework.apollo.configservice.integration.ConfigFileControllerIntegrationTest" time="0.561"/>
  <testcase name="testAssembleAllWatchKeysWithOneNamespaceAndSomeDC" classname="com.ctrip.framework.apollo.configservice.util.WatchKeysUtilTest" time="0.001"/>
  <testcase name="testAssembleAllWatchKeysWithPrivateAndPublicNamespaces" classname="com.ctrip.framework.apollo.configservice.util.WatchKeysUtilTest" time="0.003"/>
  <testcase name="testAssembleWatchKeysForNoAppIdPlaceHolderAndPublicNamespace" classname="com.ctrip.framework.apollo.configservice.util.WatchKeysUtilTest" time="0"/>
  <testcase name="testAssembleWatchKeysForNoAppIdPlaceHolder" classname="com.ctrip.framework.apollo.configservice.util.WatchKeysUtilTest" time="0"/>
  <testcase name="testAssembleAllWatchKeysWithMultipleNamespaces" classname="com.ctrip.framework.apollo.configservice.util.WatchKeysUtilTest" time="0.001"/>
  <testcase name="testAssembleAllWatchKeysWithOneNamespaceAndDefaultCluster" classname="com.ctrip.framework.apollo.configservice.util.WatchKeysUtilTest" time="0"/>
  <testcase name="testAssembleAllWatchKeysWithOneNamespaceAndSomeDCAndSomeCluster" classname="com.ctrip.framework.apollo.configservice.util.WatchKeysUtilTest" time="0"/>
  <testcase name="testPollNotificationWithMultipleNamespacesAndHandleMessage" classname="com.ctrip.framework.apollo.configservice.controller.NotificationControllerV2Test" time="0.002"/>
  <testcase name="testPollNotificationWithMultipleNamespaceWithNotificationIdOutDated" classname="com.ctrip.framework.apollo.configservice.controller.NotificationControllerV2Test" time="0.001"/>
  <testcase name="testPollNotificationWithMultipleNamespaces" classname="com.ctrip.framework.apollo.configservice.controller.NotificationControllerV2Test" time="0.001"/>
  <testcase name="testPollNotificationWithDefaultNamespace" classname="com.ctrip.framework.apollo.configservice.controller.NotificationControllerV2Test" time="0.001"/>
  <testcase name="testPollNotificationWithHandleMessageInBatch" classname="com.ctrip.framework.apollo.configservice.controller.NotificationControllerV2Test" time="0.103"/>
  <testcase name="testPollNotificationWithDefaultNamespaceAsFile" classname="com.ctrip.framework.apollo.configservice.controller.NotificationControllerV2Test" time="0.001"/>
  <testcase name="testPollNotificationWthMultipleNamespacesAndMultipleNamespacesChanged" classname="com.ctrip.framework.apollo.configservice.integration.NotificationControllerV2IntegrationTest" time="0.178"/>
  <testcase name="testPollNotificationWthPublicNamespaceAsFile" classname="com.ctrip.framework.apollo.configservice.integration.NotificationControllerV2IntegrationTest" time="0.178"/>
  <testcase name="testPollNotificationWthPublicNamespaceAndDataCenter" classname="com.ctrip.framework.apollo.configservice.integration.NotificationControllerV2IntegrationTest" time="0.198"/>
  <testcase name="testPollNotificationWthPublicNamespaceAndNoDataCenter" classname="com.ctrip.framework.apollo.configservice.integration.NotificationControllerV2IntegrationTest" time="0.201"/>
  <testcase name="testPollNotificationWithPrivateNamespaceAsFile" classname="com.ctrip.framework.apollo.configservice.integration.NotificationControllerV2IntegrationTest" time="0.197"/>
  <testcase name="testPollNotificationWithMultipleNamespaces" classname="com.ctrip.framework.apollo.configservice.integration.NotificationControllerV2IntegrationTest" time="0.196"/>
  <testcase name="testPollNotificationWithDefaultNamespace" classname="com.ctrip.framework.apollo.configservice.integration.NotificationControllerV2IntegrationTest" time="0.198"/>
  <testcase name="testPollNotificationWithPublicNamespaceWithNotificationIdOutDated" classname="com.ctrip.framework.apollo.configservice.integration.NotificationControllerV2IntegrationTest" time="0.015"/>
  <testcase name="testPollNotificationWithDefaultNamespaceWithNotificationIdOutDated" classname="com.ctrip.framework.apollo.configservice.integration.NotificationControllerV2IntegrationTest" time="0.017"/>
  <testcase name="testPollNotificationWithMultipleNamespacesAndNotificationIdsOutDated" classname="com.ctrip.framework.apollo.configservice.integration.NotificationControllerV2IntegrationTest" time="0.016"/>
  <testcase name="testPollNotificationWithDefaultNamespaceAsFile" classname="com.ctrip.framework.apollo.configservice.integration.NotificationControllerV2IntegrationTest" time="0.115"/>
  <testcase name="testAudit" classname="com.ctrip.framework.apollo.configservice.util.InstanceConfigAuditUtilTest" time="0.001"/>
  <testcase name="testDoAudit" classname="com.ctrip.framework.apollo.configservice.util.InstanceConfigAuditUtilTest" time="0.008"/>
  <testcase name="testAppNamespace" classname="com.ctrip.framework.apollo.configservice.service.AppNamespaceServiceWithCacheTest" time="1.502"/>
  <testcase name="testWhenHasReleaseMsgAndHasRepeatMsg" classname="com.ctrip.framework.apollo.configservice.service.ReleaseMessageServiceWithCacheTest" time="0"/>
  <testcase name="testNewReleaseMessagesBeforeHandleMessage" classname="com.ctrip.framework.apollo.configservice.service.ReleaseMessageServiceWithCacheTest" time="0.101"/>
  <testcase name="testWhenNoReleaseMessages" classname="com.ctrip.framework.apollo.configservice.service.ReleaseMessageServiceWithCacheTest" time="0"/>
  <testcase name="testNewReleasesWithHandleMessage" classname="com.ctrip.framework.apollo.configservice.service.ReleaseMessageServiceWithCacheTest" time="0.001"/>
  <testcase name="testWhenReleaseMsgSizeBiggerThan500" classname="com.ctrip.framework.apollo.configservice.service.ReleaseMessageServiceWithCacheTest" time="0"/>
</testsuite>