<?xml version="1.0" encoding="UTF-8"?>
<testsuite xmlns:xsi="http://www.w3.org/2001/XMLSchema-instance" xsi:schemaLocation="https://maven.apache.org/surefire/maven-surefire-plugin/xsd/surefire-test-report.xsd" name="com.ctrip.framework.apollo.adminservice.AllTests" time="18.367" tests="37" errors="0" skipped="0" failures="0">
  <properties>
    <property name="java.runtime.name" value="Java(TM) SE Runtime Environment"/>
    <property name="sun.boot.library.path" value="D:\Program Files\Java\jdk_1.8.0\jre\bin"/>
    <property name="java.vm.version" value="25.131-b11"/>
    <property name="java.vm.vendor" value="Oracle Corporation"/>
    <property name="maven.multiModuleProjectDirectory" value="D:\PROJECT\RedisDemo\apollo-master"/>
    <property name="java.vendor.url" value="http://java.oracle.com/"/>
    <property name="path.separator" value=";"/>
    <property name="guice.disable.misplaced.annotation.check" value="true"/>
    <property name="java.vm.name" value="Java HotSpot(TM) 64-Bit Server VM"/>
    <property name="file.encoding.pkg" value="sun.io"/>
    <property name="user.script" value=""/>
    <property name="user.country" value="CN"/>
    <property name="sun.java.launcher" value="SUN_STANDARD"/>
    <property name="sun.os.patch.level" value=""/>
    <property name="java.vm.specification.name" value="Java Virtual Machine Specification"/>
    <property name="user.dir" value="D:\PROJECT\RedisDemo\apollo-master"/>
    <property name="java.runtime.version" value="1.8.0_131-b11"/>
    <property name="java.awt.graphicsenv" value="sun.awt.Win32GraphicsEnvironment"/>
    <property name="java.endorsed.dirs" value="D:\Program Files\Java\jdk_1.8.0\jre\lib\endorsed"/>
    <property name="os.arch" value="amd64"/>
    <property name="java.io.tmpdir" value="C:\Users\LONGFE~1\AppData\Local\Temp\"/>
    <property name="line.separator" value="&#10;"/>
    <property name="java.vm.specification.vendor" value="Oracle Corporation"/>
    <property name="user.variant" value=""/>
    <property name="os.name" value="Windows 10"/>
    <property name="classworlds.conf" value="D:\PROJECT\RedisDemo\.metadata\.plugins\org.eclipse.m2e.launching\launches\m2conf8442283647163262114.tmp"/>
    <property name="sun.jnu.encoding" value="GBK"/>
    <property name="java.library.path" value="D:\Program Files\Java\jdk_1.8.0\bin;C:\Windows\Sun\Java\bin;C:\Windows\system32;C:\Windows;D:\Program Files\Java\jdk_1.8.0\jre\bin;D:/Program Files/Java/jre_1.8.0/bin/server;D:/Program Files/Java/jre_1.8.0/bin;D:/Program Files/Java/jre_1.8.0/lib/amd64;C:\Program Files\Docker\Docker\Resources\bin;D:\Program Files\Software\maven\apache-maven-3.5.0\bin;C:\ProgramData\Oracle\Java\javapath;C:\Windows\system32;C:\Windows;C:\Windows\System32\Wbem;C:\Windows\System32\WindowsPowerShell\v1.0\;D:\Program Files\Software\NodeJs\;D:\Program Files\Java\jdk_1.8.0\bin;%JRE_HOME%\jre\bin;C:\Program Files\Git\cmd;C:\Users\longfeixie\AppData\Local\Microsoft\WindowsApps;C:\Users\longfeixie\AppData\Roaming\npm;C:\Users\longfeixie\Desktop;;."/>
    <property name="java.specification.name" value="Java Platform API Specification"/>
    <property name="java.class.version" value="52.0"/>
    <property name="org.slf4j.simpleLogger.levelInBrackets" value="true"/>
    <property name="sun.management.compiler" value="HotSpot 64-Bit Tiered Compilers"/>
    <property name="os.version" value="10.0"/>
    <property name="user.home" value="C:\Users\longfeixie"/>
    <property name="user.timezone" value="Asia/Shanghai"/>
    <property name="java.awt.printerjob" value="sun.awt.windows.WPrinterJob"/>
    <property name="java.specification.version" value="1.8"/>
    <property name="file.encoding" value="UTF-8"/>
    <property name="user.name" value="LongfeiXie"/>
    <property name="java.class.path" value="/C:/Users/longfeixie/.p2/pool/plugins/org.eclipse.m2e.maven.runtime_1.7.0.20160603-1931/jars/plexus-classworlds-2.5.2.jar"/>
    <property name="java.vm.specification.version" value="1.8"/>
    <property name="sun.arch.data.model" value="64"/>
    <property name="java.home" value="D:\Program Files\Java\jdk_1.8.0\jre"/>
    <property name="sun.java.command" value="org.codehaus.plexus.classworlds.launcher.Launcher -B -s D:\Program Files\Software\maven\apache-maven-3.5.0\conf\settings.xml install"/>
    <property name="java.specification.vendor" value="Oracle Corporation"/>
    <property name="user.language" value="zh"/>
    <property name="awt.toolkit" value="sun.awt.windows.WToolkit"/>
    <property name="java.vm.info" value="mixed mode"/>
    <property name="java.version" value="1.8.0_131"/>
    <property name="java.ext.dirs" value="D:\Program Files\Java\jdk_1.8.0\jre\lib\ext;C:\Windows\Sun\Java\lib\ext"/>
    <property name="sun.boot.class.path" value="D:\Program Files\Java\jdk_1.8.0\jre\lib\resources.jar;D:\Program Files\Java\jdk_1.8.0\jre\lib\rt.jar;D:\Program Files\Java\jdk_1.8.0\jre\lib\sunrsasign.jar;D:\Program Files\Java\jdk_1.8.0\jre\lib\jsse.jar;D:\Program Files\Java\jdk_1.8.0\jre\lib\jce.jar;D:\Program Files\Java\jdk_1.8.0\jre\lib\charsets.jar;D:\Program Files\Java\jdk_1.8.0\jre\lib\jfr.jar;D:\Program Files\Java\jdk_1.8.0\jre\classes"/>
    <property name="java.vendor" value="Oracle Corporation"/>
    <property name="maven.home" value="D:\PROJECT\RedisDemo\apollo-master\EMBEDDED"/>
    <property name="file.separator" value="\"/>
    <property name="java.vendor.url.bug" value="http://bugreport.sun.com/bugreport/"/>
    <property name="sun.cpu.endian" value="little"/>
    <property name="sun.io.unicode.encoding" value="UnicodeLittle"/>
    <property name="sun.desktop" value="windows"/>
    <property name="org.slf4j.simpleLogger.showThreadName" value="false"/>
    <property name="sun.cpu.isalist" value="amd64"/>
  </properties>
  <testcase name="testFindNotExist" classname="com.ctrip.framework.apollo.adminservice.controller.AppControllerTest" time="0.235"/>
  <testcase name="testCreateTwice" classname="com.ctrip.framework.apollo.adminservice.controller.AppControllerTest" time="0.153"/>
  <testcase name="testFind" classname="com.ctrip.framework.apollo.adminservice.controller.AppControllerTest" time="0.02"/>
  <testcase name="testCheckIfAppIdUnique" classname="com.ctrip.framework.apollo.adminservice.controller.AppControllerTest" time="0.064"/>
  <testcase name="testCreate" classname="com.ctrip.framework.apollo.adminservice.controller.AppControllerTest" time="0.028"/>
  <testcase name="testDelete" classname="com.ctrip.framework.apollo.adminservice.controller.AppControllerTest" time="0.033"/>
  <testcase name="testMessageSendAfterBuildRelease" classname="com.ctrip.framework.apollo.adminservice.controller.ReleaseControllerTest" time="0.122"/>
  <testcase name="testReleaseBuild" classname="com.ctrip.framework.apollo.adminservice.controller.ReleaseControllerTest" time="0.227"/>
  <testcase name="testItemSetUpdated" classname="com.ctrip.framework.apollo.adminservice.controller.ItemSetControllerTest" time="0.141"/>
  <testcase name="testItemSetCreated" classname="com.ctrip.framework.apollo.adminservice.controller.ItemSetControllerTest" time="0.062"/>
  <testcase name="testItemSetDeleted" classname="com.ctrip.framework.apollo.adminservice.controller.ItemSetControllerTest" time="0.091"/>
  <testcase name="testFindNotExists" classname="com.ctrip.framework.apollo.adminservice.controller.ControllerExceptionTest" time="0.001"/>
  <testcase name="testFindByName" classname="com.ctrip.framework.apollo.adminservice.controller.ControllerExceptionTest" time="0"/>
  <testcase name="testFindEmpty" classname="com.ctrip.framework.apollo.adminservice.controller.ControllerExceptionTest" time="0"/>
  <testcase name="createFailed" classname="com.ctrip.framework.apollo.adminservice.controller.ControllerExceptionTest" time="0.001"/>
  <testcase name="testDeleteNotExists" classname="com.ctrip.framework.apollo.adminservice.controller.ControllerExceptionTest" time="0"/>
  <testcase name="testCreateFailed" classname="com.ctrip.framework.apollo.adminservice.controller.ControllerIntegrationExceptionTest" time="0.013"/>
  <testcase name="acquireLockWithNotLockedAndSwitchON" classname="com.ctrip.framework.apollo.adminservice.aop.NamespaceLockTest" time="0"/>
  <testcase name="acquireLockWithAlreadyLockedByOtherGuy" classname="com.ctrip.framework.apollo.adminservice.aop.NamespaceLockTest" time="0"/>
  <testcase name="acquireLockWithNamespaceIdSwitchOn" classname="com.ctrip.framework.apollo.adminservice.aop.NamespaceLockTest" time="0"/>
  <testcase name="acquireLockWithNotLockedAndSwitchOFF" classname="com.ctrip.framework.apollo.adminservice.aop.NamespaceLockTest" time="0"/>
  <testcase name="acquireLockWithAlreadyLockedBySelf" classname="com.ctrip.framework.apollo.adminservice.aop.NamespaceLockTest" time="0"/>
  <testcase name="testDuplicateLock" classname="com.ctrip.framework.apollo.adminservice.aop.NamespaceLockTest" time="0.003"/>
  <testcase name="testGetInstancesByNamespace" classname="com.ctrip.framework.apollo.adminservice.controller.InstanceConfigControllerTest" time="0.006"/>
  <testcase name="testGetByReleasesNotIn" classname="com.ctrip.framework.apollo.adminservice.controller.InstanceConfigControllerTest" time="0.027"/>
  <testcase name="testGetInstancesCountByNamespace" classname="com.ctrip.framework.apollo.adminservice.controller.InstanceConfigControllerTest" time="0"/>
  <testcase name="testGetByReleaseWhenReleaseIsNotFound" classname="com.ctrip.framework.apollo.adminservice.controller.InstanceConfigControllerTest" time="0"/>
  <testcase name="testGetInstancesByNamespaceAndInstanceAppId" classname="com.ctrip.framework.apollo.adminservice.controller.InstanceConfigControllerTest" time="0.001"/>
  <testcase name="getByRelease" classname="com.ctrip.framework.apollo.adminservice.controller.InstanceConfigControllerTest" time="0.001"/>
  <testcase name="testCreate" classname="com.ctrip.framework.apollo.adminservice.controller.AppNamespaceControllerTest" time="0.019"/>
  <testcase name="testNamespaceAddItem" classname="com.ctrip.framework.apollo.adminservice.aop.NamespaceUnlockAspectTest" time="0.003"/>
  <testcase name="testNamespaceModifyItem" classname="com.ctrip.framework.apollo.adminservice.aop.NamespaceUnlockAspectTest" time="0.001"/>
  <testcase name="testChildNamespaceModified" classname="com.ctrip.framework.apollo.adminservice.aop.NamespaceUnlockAspectTest" time="0.001"/>
  <testcase name="testNamespaceDeleteItem" classname="com.ctrip.framework.apollo.adminservice.aop.NamespaceUnlockAspectTest" time="0"/>
  <testcase name="testNamespaceHasNoNormalItemsAndRelease" classname="com.ctrip.framework.apollo.adminservice.aop.NamespaceUnlockAspectTest" time="0"/>
  <testcase name="testChildNamespaceNotModified" classname="com.ctrip.framework.apollo.adminservice.aop.NamespaceUnlockAspectTest" time="0"/>
  <testcase name="testParentNamespaceNotReleased" classname="com.ctrip.framework.apollo.adminservice.aop.NamespaceUnlockAspectTest" time="0"/>
</testsuite>